\BOOKMARK [1][-]{section.1}{\376\377\000T\000a\000r\000e\000a}{}% 1
\BOOKMARK [1][-]{section.2}{\376\377\000E\000n\000t\000r\000e\000g\000a\000b\000l\000e\000s}{}% 2
\BOOKMARK [1][-]{section.3}{\376\377\000E\000q\000u\000i\000p\000o\000s\000,\000\040\000m\000a\000t\000e\000r\000i\000a\000l\000e\000s\000\040\000y\000\040\000t\000e\000m\000a\000s\000\040\000u\000t\000i\000l\000i\000z\000a\000d\000o\000s}{}% 3
\BOOKMARK [1][-]{section.4}{\376\377\000U\000R\000L\000\040\000d\000e\000\040\000R\000e\000p\000o\000s\000i\000t\000o\000r\000i\000o\000\040\000G\000i\000t\000h\000u\000b}{}% 4
\BOOKMARK [1][-]{section.5}{\376\377\000L\000i\000n\000k\000\040\000d\000e\000\040\000V\000i\000d\000e\000o}{}% 5
\BOOKMARK [1][-]{section.6}{\376\377\000D\000e\000s\000a\000r\000r\000o\000l\000l\000o\000\040\000d\000e\000l\000\040\000t\000r\000a\000b\000a\000j\000o}{}% 6
\BOOKMARK [2][-]{subsection.6.1}{\376\377\000A\000J\000A\000X\000\040\000w\0003\000s\000c\000h\000o\000o\000l\000s\000\040\000-\000\040\000E\000X\000A\000M\000P\000L\000E\000S}{section.6}% 7
\BOOKMARK [3][-]{subsubsection.6.1.1}{\376\377\000A\000J\000A\000X\000\040\000-\000\040\000I\000n\000t\000r\000o}{subsection.6.1}% 8
\BOOKMARK [3][-]{subsubsection.6.1.2}{\376\377\000A\000J\000A\000X\000\040\000-\000\040\000X\000M\000L\000H\000t\000t\000p}{subsection.6.1}% 9
\BOOKMARK [3][-]{subsubsection.6.1.3}{\376\377\000A\000J\000A\000X\000\040\000-\000\040\000R\000e\000q\000u\000e\000s\000t}{subsection.6.1}% 10
\BOOKMARK [3][-]{subsubsection.6.1.4}{\376\377\000A\000J\000A\000X\000\040\000-\000\040\000R\000e\000s\000p\000o\000n\000s\000e}{subsection.6.1}% 11
\BOOKMARK [3][-]{subsubsection.6.1.5}{\376\377\000A\000J\000A\000X\000\040\000X\000M\000L\000\040\000-\000\040\000F\000i\000l\000e}{subsection.6.1}% 12
\BOOKMARK [3][-]{subsubsection.6.1.6}{\376\377\000A\000J\000A\000X\000\040\000P\000H\000P}{subsection.6.1}% 13
\BOOKMARK [3][-]{subsubsection.6.1.7}{\376\377\000A\000J\000A\000X\000\040\000A\000S\000P}{subsection.6.1}% 14
\BOOKMARK [3][-]{subsubsection.6.1.8}{\376\377\000A\000J\000A\000X\000\040\000D\000A\000T\000A\000B\000A\000S\000E}{subsection.6.1}% 15
\BOOKMARK [3][-]{subsubsection.6.1.9}{\376\377\000A\000J\000A\000X\000\040\000-\000\040\000A\000p\000p\000l\000i\000c\000a\000t\000i\000o\000n\000s}{subsection.6.1}% 16
\BOOKMARK [3][-]{subsubsection.6.1.10}{\376\377\000A\000J\000A\000X\000\040\000-\000\040\000E\000x\000a\000m\000p\000l\000e\000s}{subsection.6.1}% 17
\BOOKMARK [2][-]{subsection.6.2}{\376\377\000U\000s\000o\000\040\000d\000e\000\040\000X\000a\000m\000p\000p}{section.6}% 18
\BOOKMARK [2][-]{subsection.6.3}{\376\377\000U\000s\000o\000\040\000d\000e\000\040\000N\000o\000d\000e\000.\000j\000s}{section.6}% 19
\BOOKMARK [3][-]{subsubsection.6.3.1}{\376\377\000I\000n\000s\000t\000a\000l\000a\000c\000i\000\363\000n}{subsection.6.3}% 20
\BOOKMARK [2][-]{subsection.6.4}{\376\377\000I\000n\000v\000e\000s\000t\000i\000g\000a\000c\000i\000\363\000n\000\040\000s\000o\000b\000r\000e\000\040\000C\000h\000a\000r\000t\000.\000j\000s}{section.6}% 21
\BOOKMARK [3][-]{subsubsection.6.4.1}{\376\377\000P\000\341\000g\000i\000n\000a\000\040\000O\000f\000i\000c\000i\000a\000l}{subsection.6.4}% 22
\BOOKMARK [3][-]{subsubsection.6.4.2}{\376\377\000D\000o\000c\000u\000m\000e\000n\000t\000a\000c\000i\000\363\000n}{subsection.6.4}% 23
\BOOKMARK [2][-]{subsection.6.5}{\376\377\000E\000J\000E\000R\000C\000I\000C\000I\000O\000S}{section.6}% 24
\BOOKMARK [3][-]{subsubsection.6.5.1}{\376\377\000E\000j\000e\000r\000c\000i\000c\000i\000o\000\040\0001}{subsection.6.5}% 25
\BOOKMARK [3][-]{subsubsection.6.5.2}{\376\377\000E\000j\000e\000r\000c\000i\000c\000i\000o\000\040\0002}{subsection.6.5}% 26
\BOOKMARK [3][-]{subsubsection.6.5.3}{\376\377\000E\000j\000e\000r\000c\000i\000c\000i\000o\000\040\0003}{subsection.6.5}% 27
\BOOKMARK [3][-]{subsubsection.6.5.4}{\376\377\000E\000j\000e\000r\000c\000i\000c\000i\000o\000\040\0004}{subsection.6.5}% 28
\BOOKMARK [3][-]{subsubsection.6.5.5}{\376\377\000E\000j\000e\000r\000c\000i\000c\000i\000o\000\040\0005}{subsection.6.5}% 29
\BOOKMARK [3][-]{subsubsection.6.5.6}{\376\377\000E\000j\000e\000r\000c\000i\000c\000i\000o\000\040\0006}{subsection.6.5}% 30
\BOOKMARK [3][-]{subsubsection.6.5.7}{\376\377\000E\000j\000e\000r\000c\000i\000c\000i\000o\000\040\0007}{subsection.6.5}% 31
\BOOKMARK [3][-]{subsubsection.6.5.8}{\376\377\000E\000j\000e\000r\000c\000i\000c\000i\000o\000\040\0008}{subsection.6.5}% 32
\BOOKMARK [3][-]{subsubsection.6.5.9}{\376\377\000C\000S\000S}{subsection.6.5}% 33
\BOOKMARK [2][-]{subsection.6.6}{\376\377\000E\000j\000e\000r\000c\000i\000c\000i\000o\000\040\000P\000r\000o\000p\000u\000e\000s\000t\000o\000:\000\040\000P\000\341\000g\000i\000n\000a\000\040\000W\000e\000b\000\040\000-\000\040\000M\000a\000r\000k\000d\000o\000w\000n}{section.6}% 34
\BOOKMARK [2][-]{subsection.6.7}{\376\377\000U\000s\000o\000\040\000d\000e\000\040\000G\000i\000t\000H\000u\000b}{section.6}% 35
\BOOKMARK [3][-]{subsubsection.6.7.1}{\376\377\000C\000u\000e\000n\000t\000a\000\040\000d\000e\000\040\000G\000i\000t\000H\000u\000b}{subsection.6.7}% 36
\BOOKMARK [2][-]{subsection.6.8}{\376\377\000C\000r\000e\000a\000c\000i\000\363\000n\000\040\000d\000e\000\040\000u\000n\000\040\000N\000u\000e\000v\000o\000\040\000R\000e\000p\000o\000s\000i\000t\000o\000r\000i\000o}{section.6}% 37
\BOOKMARK [3][-]{subsubsection.6.8.1}{\376\377\000I\000m\000p\000l\000e\000m\000e\000n\000t\000a\000c\000i\000\363\000n\000\040\000d\000e\000\040\000R\000e\000a\000d\000m\000e\000.\000m\000d}{subsection.6.8}% 38
\BOOKMARK [3][-]{subsubsection.6.8.2}{\376\377\000R\000e\000g\000i\000s\000t\000r\000o\000\040\000d\000e\000\040\000c\000a\000m\000b\000i\000o\000s\000\040\000e\000n\000\040\000m\000i\000\040\000c\000\363\000d\000i\000g\000o}{subsection.6.8}% 39
\BOOKMARK [3][-]{subsubsection.6.8.3}{\376\377\000R\000e\000p\000o\000s\000i\000t\000o\000r\000i\000o}{subsection.6.8}% 40
\BOOKMARK [3][-]{subsubsection.6.8.4}{\376\377\000P\000r\000o\000y\000e\000c\000t\000o\000\040\000c\000o\000m\000p\000a\000r\000t\000i\000d\000o\000\040\000c\000o\000n\000\040\000e\000l\000\040\000p\000r\000o\000f\000e\000s\000o\000r\000\040\000d\000e\000\040\000g\000i\000t\000h\000u\000b}{subsection.6.8}% 41
\BOOKMARK [2][-]{subsection.6.9}{\376\377\000R\000\372\000b\000r\000i\000c\000a\000\040\000p\000a\000r\000a\000\040\000e\000l\000\040\000c\000o\000n\000t\000e\000n\000i\000d\000o\000\040\000d\000e\000l\000\040\000I\000n\000f\000o\000r\000m\000e\000\040\000y\000\040\000d\000e\000m\000o\000s\000t\000r\000a\000c\000i\000\363\000n}{section.6}% 42
\BOOKMARK [1][-]{section.7}{\376\377\000R\000e\000f\000e\000r\000e\000n\000c\000i\000a\000s}{}% 43
